<?xml version="1.0" encoding="UTF-8"?>
<testng-results skipped="0" failed="0" ignored="0" total="1" passed="1">
  <reporter-output>
  </reporter-output>
  <suite name="Default suite" duration-ms="13817" started-at="2020-06-28T03:52:47Z" finished-at="2020-06-28T03:53:01Z">
    <groups>
    </groups>
    <test name="Default test" duration-ms="13817" started-at="2020-06-28T03:52:47Z" finished-at="2020-06-28T03:53:01Z">
      <class name="com.POM.TestCases.POMtestcase03">
        <test-method status="PASS" signature="startReport()[pri:0, instance:com.POM.TestCases.POMtestcase03@7d9d1a19]" name="startReport" is-config="true" duration-ms="289" started-at="2020-06-28T03:52:47Z" finished-at="2020-06-28T03:52:47Z">
          <reporter-output>
          </reporter-output>
        </test-method> <!-- startReport -->
        <test-method status="PASS" signature="reports()[pri:0, instance:com.POM.TestCases.POMtestcase03@7d9d1a19]" name="reports" is-config="true" duration-ms="1" started-at="2020-06-28T03:52:47Z" finished-at="2020-06-28T03:52:47Z">
          <reporter-output>
          </reporter-output>
        </test-method> <!-- reports -->
        <test-method status="PASS" signature="report()[pri:0, instance:com.POM.TestCases.POMtestcase03@7d9d1a19]" name="report" is-config="true" duration-ms="10" started-at="2020-06-28T03:52:47Z" finished-at="2020-06-28T03:52:47Z">
          <reporter-output>
          </reporter-output>
        </test-method> <!-- report -->
        <test-method status="PASS" signature="Logincheck()[pri:0, instance:com.POM.TestCases.POMtestcase03@7d9d1a19]" name="Logincheck" is-config="true" duration-ms="8016" started-at="2020-06-28T03:52:48Z" finished-at="2020-06-28T03:52:56Z">
          <reporter-output>
          </reporter-output>
        </test-method> <!-- Logincheck -->
        <test-method status="PASS" signature="LoginFramework(java.lang.String, java.lang.String)[pri:0, instance:com.POM.TestCases.POMtestcase03@7d9d1a19]" name="LoginFramework" duration-ms="4987" started-at="2020-06-28T03:52:56Z" data-provider="DataDriver1" finished-at="2020-06-28T03:53:01Z">
          <params>
            <param index="0">
              <value>
                <![CDATA[Admin]]>
              </value>
            </param>
            <param index="1">
              <value>
                <![CDATA[admin123]]>
              </value>
            </param>
          </params>
          <reporter-output>
          </reporter-output>
        </test-method> <!-- LoginFramework -->
        <test-method status="PASS" signature="stopReport()[pri:0, instance:com.POM.TestCases.POMtestcase03@7d9d1a19]" name="stopReport" is-config="true" duration-ms="416" started-at="2020-06-28T03:53:01Z" finished-at="2020-06-28T03:53:01Z">
          <reporter-output>
          </reporter-output>
        </test-method> <!-- stopReport -->
      </class> <!-- com.POM.TestCases.POMtestcase03 -->
    </test> <!-- Default test -->
  </suite> <!-- Default suite -->
</testng-results>
